<?xml version="1.0" encoding="utf-8"?><testsuites name="pytest tests"><testsuite name="pytest" errors="0" failures="0" skipped="0" tests="9" time="0.797" timestamp="2026-06-14T13:21:49.614343+00:00" hostname="agent-env-501e4352-eb52-4702-9567-ab41b42e254f"><testcase classname="backend.tests.test_api.TestRoot" name="test_root_running" time="0.210" /><testcase classname="backend.tests.test_api.TestContact" name="test_post_contact_valid_payload_and_persistence" time="0.109" /><testcase classname="backend.tests.test_api.TestContact" name="test_post_contact_minimum_required_fields" time="0.043" /><testcase classname="backend.tests.test_api.TestContact" name="test_post_contact_invalid_email_rejected" time="0.040" /><testcase classname="backend.tests.test_api.TestContact" name="test_post_contact_missing_name_rejected" time="0.081" /><testcase classname="backend.tests.test_api.TestContact" name="test_post_contact_missing_email_rejected" time="0.048" /><testcase classname="backend.tests.test_api.TestContact" name="test_post_contact_missing_message_rejected" time="0.044" /><testcase classname="backend.tests.test_api.TestContact" name="test_post_contact_short_message_rejected" time="0.041" /><testcase classname="backend.tests.test_api.TestContact" name="test_get_contact_does_not_leak_mongo_id" time="0.060" /></testsuite></testsuites>